<?xml version="1.0" encoding="UTF-8"?>
<!-- Generated by org.testng.reporters.JUnitXMLReporter -->
<testsuite ignored="0" hostname="DESKTOP-TH57TUJ" failures="0" tests="3" name="Default test" time="31.561" errors="0" timestamp="2024-01-21T13:57:03 IST">
  <testcase classname="rahulshettyacadmy.tests.SubmitOrderTest" name="submitOrder" time="5.891"/>
  <testcase classname="rahulshettyacadmy.tests.SubmitOrderTest" name="submitOrder" time="6.997"/>
  <testcase classname="rahulshettyacadmy.tests.SubmitOrderTest" name="OrderHistoryTest" time="2.191"/>
</testsuite> <!-- Default test -->
