<?xml version="1.0" encoding="UTF-8"?>
<!-- Generated by org.testng.reporters.JUnitXMLReporter -->
<testsuite ignored="0" hostname="DESKTOP-TH57TUJ" failures="1" tests="4" name="Error Validation Test" time="43.508" errors="0" timestamp="2024-01-21T17:03:40 IST">
  <testcase classname="rahulshettyacadmy.tests.ErrorValidationsTest" name="LoginErrorValidation" time="3.347">
    <skipped/>
  </testcase> <!-- LoginErrorValidation -->
  <testcase classname="rahulshettyacadmy.tests.ErrorValidationsTest" name="LoginErrorValidation" time="1.266">
    <skipped/>
  </testcase> <!-- LoginErrorValidation -->
  <testcase classname="rahulshettyacadmy.tests.ErrorValidationsTest" name="LoginErrorValidation" time="1.532">
    <failure type="junit.framework.ComparisonFailure" message="expected:&amp;lt;......&amp;gt; but was:&amp;lt;...or...&amp;gt;">
      <![CDATA[junit.framework.ComparisonFailure: expected:<......> but was:<...or...>
at junit.framework.Assert.assertEquals(Assert.java:81)
at junit.framework.Assert.assertEquals(Assert.java:87)
at rahulshettyacadmy.tests.ErrorValidationsTest.LoginErrorValidation(ErrorValidationsTest.java:22)
at java.base/java.util.ArrayList.forEach(ArrayList.java:1511)
at java.base/java.util.concurrent.FutureTask.run(FutureTask.java:264)
at java.base/java.util.concurrent.ThreadPoolExecutor.runWorker(ThreadPoolExecutor.java:1136)
at java.base/java.util.concurrent.ThreadPoolExecutor$Worker.run(ThreadPoolExecutor.java:635)
at java.base/java.lang.Thread.run(Thread.java:833)
... Removed 17 stack frames]]>
    </failure>
  </testcase> <!-- LoginErrorValidation -->
  <testcase classname="rahulshettyacadmy.tests.ErrorValidationsTest" name="productErrorValidation" time="7.521"/>
</testsuite> <!-- Error Validation Test -->
