<?xml version="1.0" encoding="UTF-8"?>
<!-- Generated by org.testng.reporters.JUnitXMLReporter -->
<testsuite ignored="0" hostname="DESKTOP-TH57TUJ" failures="0" tests="3" name="Submit Order Test" time="41.423" errors="0" timestamp="2024-01-21T17:03:39 IST">
  <testcase classname="rahulshettyacadmy.tests.SubmitOrderTest" name="submitOrder" time="8.208"/>
  <testcase classname="rahulshettyacadmy.tests.SubmitOrderTest" name="submitOrder" time="7.845"/>
  <testcase classname="rahulshettyacadmy.tests.SubmitOrderTest" name="OrderHistoryTest" time="1.255"/>
</testsuite> <!-- Submit Order Test -->
