<?xml version="1.0" encoding="UTF-8"?>
<!-- Generated by org.testng.reporters.JUnitXMLReporter -->
<testsuite ignored="0" hostname="DESKTOP-TH57TUJ" failures="0" tests="2" name="Error Validation Test" time="23.267" errors="0" timestamp="2024-03-19T23:24:47 IST">
  <testcase classname="rahulshettyacadmy.tests.ErrorValidationsTest" name="LoginErrorValidation" time="0.874"/>
  <testcase classname="rahulshettyacadmy.tests.ErrorValidationsTest" name="productErrorValidation" time="7.967"/>
</testsuite> <!-- Error Validation Test -->
