<?xml version="1.0" encoding="UTF-8"?>
<!-- Generated by org.testng.reporters.JUnitXMLReporter -->
<testsuite ignored="0" hostname="DESKTOP-TH57TUJ" failures="0" tests="3" name="Submit Order Test" time="27.983" errors="0" timestamp="2024-03-19T23:24:51 IST">
  <testcase classname="rahulshettyacadmy.tests.SubmitOrderTest" name="submitOrder" time="5.242"/>
  <testcase classname="rahulshettyacadmy.tests.SubmitOrderTest" name="submitOrder" time="4.561"/>
  <testcase classname="rahulshettyacadmy.tests.SubmitOrderTest" name="OrderHistoryTest" time="1.463"/>
</testsuite> <!-- Submit Order Test -->
