<?xml version="1.0" encoding="UTF-8"?>
<testng-results ignored="0" total="5" passed="5" failed="0" skipped="0">
  <reporter-output>
  </reporter-output>
  <suite started-at="2024-03-19T23:24:23 IST" name="Suite" finished-at="2024-03-19T23:24:51 IST" duration-ms="27983">
    <groups>
      <group name="ErrorHandling">
        <method signature="ErrorValidationsTest.LoginErrorValidation()[pri:0, instance:rahulshettyacadmy.tests.ErrorValidationsTest@194fad1]" name="LoginErrorValidation" class="rahulshettyacadmy.tests.ErrorValidationsTest"/>
      </group> <!-- ErrorHandling -->
      <group name="PurchaseOrder">
        <method signature="SubmitOrderTest.submitOrder(java.util.HashMap)[pri:0, instance:rahulshettyacadmy.tests.SubmitOrderTest@14028087]" name="submitOrder" class="rahulshettyacadmy.tests.SubmitOrderTest"/>
      </group> <!-- PurchaseOrder -->
    </groups>
    <test started-at="2024-03-19T23:24:23 IST" name="Error Validation Test" finished-at="2024-03-19T23:24:46 IST" duration-ms="23267">
      <class name="rahulshettyacadmy.tests.ErrorValidationsTest">
        <test-method is-config="true" signature="lanchApplication()[pri:0, instance:rahulshettyacadmy.tests.ErrorValidationsTest@194fad1]" started-at="2024-03-19T23:24:23 IST" name="lanchApplication" finished-at="2024-03-19T23:24:31 IST" duration-ms="8759" status="PASS">
          <reporter-output>
          </reporter-output>
        </test-method> <!-- lanchApplication -->
        <test-method signature="LoginErrorValidation()[pri:0, instance:rahulshettyacadmy.tests.ErrorValidationsTest@194fad1]" started-at="2024-03-19T23:24:31 IST" name="LoginErrorValidation" finished-at="2024-03-19T23:24:32 IST" duration-ms="874" status="PASS">
          <reporter-output>
          </reporter-output>
        </test-method> <!-- LoginErrorValidation -->
        <test-method is-config="true" signature="tearDown()[pri:0, instance:rahulshettyacadmy.tests.ErrorValidationsTest@194fad1]" started-at="2024-03-19T23:24:32 IST" name="tearDown" finished-at="2024-03-19T23:24:32 IST" duration-ms="166" status="PASS">
          <reporter-output>
          </reporter-output>
        </test-method> <!-- tearDown -->
        <test-method is-config="true" signature="lanchApplication()[pri:0, instance:rahulshettyacadmy.tests.ErrorValidationsTest@194fad1]" started-at="2024-03-19T23:24:32 IST" name="lanchApplication" finished-at="2024-03-19T23:24:37 IST" duration-ms="4873" status="PASS">
          <reporter-output>
          </reporter-output>
        </test-method> <!-- lanchApplication -->
        <test-method signature="productErrorValidation()[pri:0, instance:rahulshettyacadmy.tests.ErrorValidationsTest@194fad1]" started-at="2024-03-19T23:24:37 IST" name="productErrorValidation" finished-at="2024-03-19T23:24:45 IST" duration-ms="7967" status="PASS">
          <reporter-output>
          </reporter-output>
        </test-method> <!-- productErrorValidation -->
        <test-method is-config="true" signature="tearDown()[pri:0, instance:rahulshettyacadmy.tests.ErrorValidationsTest@194fad1]" started-at="2024-03-19T23:24:45 IST" name="tearDown" finished-at="2024-03-19T23:24:46 IST" duration-ms="491" status="PASS">
          <reporter-output>
          </reporter-output>
        </test-method> <!-- tearDown -->
      </class> <!-- rahulshettyacadmy.tests.ErrorValidationsTest -->
    </test> <!-- Error Validation Test -->
    <test started-at="2024-03-19T23:24:23 IST" name="Submit Order Test" finished-at="2024-03-19T23:24:51 IST" duration-ms="27983">
      <class name="rahulshettyacadmy.tests.SubmitOrderTest">
        <test-method is-config="true" signature="lanchApplication()[pri:0, instance:rahulshettyacadmy.tests.SubmitOrderTest@14028087]" started-at="2024-03-19T23:24:23 IST" name="lanchApplication" finished-at="2024-03-19T23:24:30 IST" duration-ms="6150" status="PASS">
          <reporter-output>
          </reporter-output>
        </test-method> <!-- lanchApplication -->
        <test-method signature="submitOrder(java.util.HashMap)[pri:0, instance:rahulshettyacadmy.tests.SubmitOrderTest@14028087]" started-at="2024-03-19T23:24:30 IST" name="submitOrder" data-provider="getData" finished-at="2024-03-19T23:24:35 IST" duration-ms="5242" status="PASS">
          <params>
            <param index="0">
              <value>
                <![CDATA[{pass=Tdata2548, email=tdata2548@gmail.com, productName=ADIDAS ORIGINAL}]]>
              </value>
            </param>
          </params>
          <reporter-output>
          </reporter-output>
        </test-method> <!-- submitOrder -->
        <test-method is-config="true" signature="tearDown()[pri:0, instance:rahulshettyacadmy.tests.SubmitOrderTest@14028087]" started-at="2024-03-19T23:24:35 IST" name="tearDown" finished-at="2024-03-19T23:24:36 IST" duration-ms="1007" status="PASS">
          <reporter-output>
          </reporter-output>
        </test-method> <!-- tearDown -->
        <test-method is-config="true" signature="lanchApplication()[pri:0, instance:rahulshettyacadmy.tests.SubmitOrderTest@14028087]" started-at="2024-03-19T23:24:36 IST" name="lanchApplication" finished-at="2024-03-19T23:24:41 IST" duration-ms="5528" status="PASS">
          <reporter-output>
          </reporter-output>
        </test-method> <!-- lanchApplication -->
        <test-method signature="submitOrder(java.util.HashMap)[pri:0, instance:rahulshettyacadmy.tests.SubmitOrderTest@14028087]" started-at="2024-03-19T23:24:41 IST" name="submitOrder" data-provider="getData" finished-at="2024-03-19T23:24:46 IST" duration-ms="4561" status="PASS">
          <params>
            <param index="0">
              <value>
                <![CDATA[{pass=Iamking@000, email=anshika@gmail.com, productName=ZARA COAT 3}]]>
              </value>
            </param>
          </params>
          <reporter-output>
          </reporter-output>
        </test-method> <!-- submitOrder -->
        <test-method is-config="true" signature="tearDown()[pri:0, instance:rahulshettyacadmy.tests.SubmitOrderTest@14028087]" started-at="2024-03-19T23:24:46 IST" name="tearDown" finished-at="2024-03-19T23:24:46 IST" duration-ms="238" status="PASS">
          <reporter-output>
          </reporter-output>
        </test-method> <!-- tearDown -->
        <test-method is-config="true" signature="lanchApplication()[pri:0, instance:rahulshettyacadmy.tests.SubmitOrderTest@14028087]" started-at="2024-03-19T23:24:46 IST" name="lanchApplication" finished-at="2024-03-19T23:24:49 IST" duration-ms="2823" status="PASS">
          <reporter-output>
          </reporter-output>
        </test-method> <!-- lanchApplication -->
        <test-method signature="OrderHistoryTest()[pri:0, instance:rahulshettyacadmy.tests.SubmitOrderTest@14028087]" started-at="2024-03-19T23:24:49 IST" name="OrderHistoryTest" finished-at="2024-03-19T23:24:50 IST" depends-on-methods="rahulshettyacadmy.tests.SubmitOrderTest.submitOrder" duration-ms="1463" status="PASS">
          <reporter-output>
          </reporter-output>
        </test-method> <!-- OrderHistoryTest -->
        <test-method is-config="true" signature="tearDown()[pri:0, instance:rahulshettyacadmy.tests.SubmitOrderTest@14028087]" started-at="2024-03-19T23:24:50 IST" name="tearDown" finished-at="2024-03-19T23:24:51 IST" duration-ms="115" status="PASS">
          <reporter-output>
          </reporter-output>
        </test-method> <!-- tearDown -->
      </class> <!-- rahulshettyacadmy.tests.SubmitOrderTest -->
    </test> <!-- Submit Order Test -->
  </suite> <!-- Suite -->
</testng-results>
